<?xml version="1.0" encoding="UTF-8"?>
<testng-results skipped="0" failed="0" ignored="0" total="1" passed="1">
  <reporter-output>
  </reporter-output>
  <suite name="Default suite" duration-ms="18678" started-at="2019-04-25T17:57:57Z" finished-at="2019-04-25T17:58:16Z">
    <groups>
    </groups>
    <test name="Default test" duration-ms="18678" started-at="2019-04-25T17:57:57Z" finished-at="2019-04-25T17:58:16Z">
      <class name="com.makeMyTrip.qa.testcases.HomePageTest">
        <test-method status="PASS" signature="setUp()[pri:0, instance:com.makeMyTrip.qa.testcases.HomePageTest@5ed828d]" name="setUp" is-config="true" duration-ms="11766" started-at="2019-04-25T13:57:57Z" finished-at="2019-04-25T13:58:09Z">
          <reporter-output>
          </reporter-output>
        </test-method> <!-- setUp -->
        <test-method status="PASS" signature="tripPlanerTest()[pri:0, instance:com.makeMyTrip.qa.testcases.HomePageTest@5ed828d]" name="tripPlanerTest" duration-ms="6867" started-at="2019-04-25T13:58:09Z" finished-at="2019-04-25T13:58:16Z">
          <reporter-output>
          </reporter-output>
        </test-method> <!-- tripPlanerTest -->
      </class> <!-- com.makeMyTrip.qa.testcases.HomePageTest -->
    </test> <!-- Default test -->
  </suite> <!-- Default suite -->
</testng-results>
